<?xml version="1.0" encoding="UTF-8"?>
<TestRun id="eea71944-2a1f-4a85-a22b-e7ab57ae03e1" name="yaowen@YAOWEN-PC 2012-04-17 12:17:40" runUser="yaowen-PC\yaowen" xmlns="http://microsoft.com/schemas/VisualStudio/TeamTest/2010">
  <TestSettings name="本地" id="1ca869e1-9448-437c-bde7-d89de3d6c92e">
    <Description>这些设置为本地测试运行的默认测试设置。</Description>
    <Deployment enabled="false" runDeploymentRoot="yaowen_YAOWEN-PC 2012-04-17 12_17_40">
      <DeploymentItem filename="F:\常用软件\Git\shiyan1\BowlingBall-text\BowlingLib\bin\Debug\BowlingLib.dll" />
    </Deployment>
    <Execution>
      <TestTypeSpecific />
      <AgentRule name="Execution Agents">
      </AgentRule>
    </Execution>
  </TestSettings>
  <Times creation="2012-04-17T12:17:40.2490450+08:00" queuing="2012-04-17T12:17:44.9413134+08:00" start="2012-04-17T12:17:45.2513312+08:00" finish="2012-04-17T12:17:47.5964653+08:00" />
  <ResultSummary outcome="Inconclusive">
    <Counters total="1" executed="1" error="0" failed="0" timeout="0" aborted="0" inconclusive="1" passedButRunAborted="0" notRunnable="0" notExecuted="0" disconnected="0" warning="0" passed="0" completed="0" inProgress="0" pending="0" />
  </ResultSummary>
  <TestDefinitions>
    <UnitTest name="Class1ConstructorTest" storage="f:\常用软件\git\shiyan1\bowlingball-text\bowlingball-text\bin\debug\bowlingball-text.dll" id="e3ed0bce-03c8-740a-485e-656b36518908">
      <Execution id="ea07abee-6108-4b6b-9026-4fe387de736b" />
      <TestMethod codeBase="F:/常用软件/Git/shiyan1/BowlingBall-text/BowlingBall-text/bin/Debug/BowlingBall-text.DLL" adapterTypeName="Microsoft.VisualStudio.TestTools.TestTypes.Unit.UnitTestAdapter, Microsoft.VisualStudio.QualityTools.Tips.UnitTest.Adapter, Version=10.0.0.0, Culture=neutral, PublicKeyToken=b03f5f7f11d50a3a" className="BowlingBall_text.Class1Test, BowlingBall-text, Version=1.0.0.0, Culture=neutral, PublicKeyToken=null" name="Class1ConstructorTest" />
    </UnitTest>
  </TestDefinitions>
  <TestLists>
    <TestList name="列表中未列出的结果" id="8c84fa94-04c1-424b-9868-57a2d4851a1d" />
    <TestList name="所有已加载的结果" id="19431567-8539-422a-85d7-44ee4e166bda" />
  </TestLists>
  <TestEntries>
    <TestEntry testId="e3ed0bce-03c8-740a-485e-656b36518908" executionId="ea07abee-6108-4b6b-9026-4fe387de736b" testListId="8c84fa94-04c1-424b-9868-57a2d4851a1d" />
  </TestEntries>
  <Results>
    <UnitTestResult executionId="ea07abee-6108-4b6b-9026-4fe387de736b" testId="e3ed0bce-03c8-740a-485e-656b36518908" testName="Class1ConstructorTest" computerName="YAOWEN-PC" duration="00:00:00.3364178" startTime="2012-04-17T12:17:45.3453365+08:00" endTime="2012-04-17T12:17:47.3764527+08:00" testType="13cdc9d9-ddb5-4fa4-a97d-d965ccfc6d4b" outcome="Inconclusive" testListId="8c84fa94-04c1-424b-9868-57a2d4851a1d" relativeResultsDirectory="ea07abee-6108-4b6b-9026-4fe387de736b">
      <Output>
        <ErrorInfo>
          <Message>Assert.Inconclusive 失败。TODO: 实现用来验证目标的代码</Message>
          <StackTrace>   在 BowlingBall_text.Class1Test.Class1ConstructorTest() 位置 F:\常用软件\Git\shiyan1\BowlingBall-text\BowlingBall-text\Class1Test.cs:行号 74
</StackTrace>
        </ErrorInfo>
      </Output>
    </UnitTestResult>
  </Results>
</TestRun>