<?xml version="1.0" encoding="UTF-8"?>
<TestRun id="564c1e64-a8d6-4faf-8c7a-fe32303dfc69" name="yaowen@YAOWEN-PC 2012-04-18 20:32:07" runUser="yaowen-PC\yaowen" xmlns="http://microsoft.com/schemas/VisualStudio/TeamTest/2010">
  <TestSettings name="本地" id="4ca9b0bd-2838-4f9a-b793-890fa733dcd1">
    <Description>这些设置为本地测试运行的默认测试设置。</Description>
    <Deployment enabled="false" runDeploymentRoot="yaowen_YAOWEN-PC 2012-04-18 20_32_07">
      <DeploymentItem filename="F:\常用软件\Git\shiyan1\BowlingText\Bowling\bin\Debug\Bowling.dll" />
    </Deployment>
    <Execution>
      <TestTypeSpecific />
      <AgentRule name="Execution Agents">
      </AgentRule>
    </Execution>
  </TestSettings>
  <Times creation="2012-04-18T20:32:07.2825869+08:00" queuing="2012-04-18T20:32:07.2825869+08:00" start="2012-04-18T20:32:07.2825869+08:00" finish="2012-04-18T20:32:18.8052460+08:00" />
  <ResultSummary outcome="Error">
    <Counters total="1" error="0" failed="0" timeout="0" aborted="0" inconclusive="0" passedButRunAborted="0" notRunnable="0" notExecuted="1" disconnected="0" warning="0" passed="0" completed="0" inProgress="0" pending="0" />
    <RunInfos>
      <RunInfo computerName="YAOWEN-PC" outcome="Error" timestamp="2012-04-18T20:32:18.7582433+08:00">
        <Text>测试宿主进程意外退出。</Text>
      </RunInfo>
      <RunInfo computerName="YAOWEN-PC" outcome="Error" timestamp="2012-04-18T20:32:18.8042459+08:00">
        <Text>未能对测试运行“yaowen@YAOWEN-PC 2012-04-18 20:32:07”进行排队: 无法启动代理进程。</Text>
        <Exception>Microsoft.VisualStudio.TestTools.Exceptions.EqtException: 无法启动代理进程。
   在 Microsoft.VisualStudio.TestTools.Agent.AgentProcessManager.HandleCannotStartAgentProcessError(Exception ex)
   在 Microsoft.VisualStudio.TestTools.Agent.AgentProcessManager.HandleCannotStartAgentProcessError()
   在 Microsoft.VisualStudio.TestTools.Agent.OutOfProcessStrategy.StartAgentProcess(AgentProcessStartupInfo agentProcessStartupInfo, Boolean restarting)
   在 Microsoft.VisualStudio.TestTools.Agent.OutOfProcessStrategy.StartAgentProcess(AgentProcessStartupInfo agentProcessStartupInfo)
   在 Microsoft.VisualStudio.TestTools.Agent.AgentProxy.StartAgentProcess(AgentProcessStartupInfo agentProcessStartupInfo)
   在 Microsoft.VisualStudio.TestTools.Agent.AgentProcessProxyManager.StartTestAgentProcesses(AgentProcessStartupInfo agentProcessStartupInfo)
   在 Microsoft.VisualStudio.TestTools.Agent.AgentProcessManager.StartAgentProcess(AgentProcessStartupInfo agentProcessStartupInfo, Boolean startDataCollectionAgent)
   在 Microsoft.VisualStudio.TestTools.Agent.AgentProcessManager.StartAgentProcess(AgentProcessStartupInfo agentProcessStartupInfo, TestRunConfiguration testRunConfiguration)
   在 Microsoft.VisualStudio.TestTools.TestManagement.LocalControllerProxy.StartProcess(TestRun run)
   在 Microsoft.VisualStudio.TestTools.TestManagement.LocalControllerProxy.PrepareProcess(TestRun run)
   在 Microsoft.VisualStudio.TestTools.TestManagement.LocalControllerProxy.InitializeController(TestRun run)
   在 Microsoft.VisualStudio.TestTools.TestManagement.ControllerProxy.QueueTestRunWorker(Object state)</Exception>
      </RunInfo>
    </RunInfos>
  </ResultSummary>
  <TestDefinitions>
    <UnitTest name="TestMethod1" storage="f:\常用软件\git\shiyan1\bowlingtext\bowlingtext\bin\debug\bowlingtext.dll" id="03ffdfb2-33ec-35fb-2313-a4be8ce3a4c0">
      <TestMethod codeBase="F:/常用软件/Git/shiyan1/BowlingText/BowlingText/bin/Debug/BowlingText.DLL" adapterTypeName="Microsoft.VisualStudio.TestTools.TestTypes.Unit.UnitTestAdapter, Microsoft.VisualStudio.QualityTools.Tips.UnitTest.Adapter, Version=10.0.0.0, Culture=neutral, PublicKeyToken=b03f5f7f11d50a3a" className="BowlingText.UnitTest1, BowlingText, Version=1.0.0.0, Culture=neutral, PublicKeyToken=null" name="TestMethod1" />
    </UnitTest>
  </TestDefinitions>
  <TestLists>
    <TestList name="列表中未列出的结果" id="8c84fa94-04c1-424b-9868-57a2d4851a1d" />
    <TestList name="所有已加载的结果" id="19431567-8539-422a-85d7-44ee4e166bda" />
  </TestLists>
  <TestEntries>
    <TestEntry testId="03ffdfb2-33ec-35fb-2313-a4be8ce3a4c0" executionId="95ee7d8e-1e7a-4821-af36-bc63e7ca5fe9" testListId="8c84fa94-04c1-424b-9868-57a2d4851a1d" />
  </TestEntries>
  <Results>
    <UnitTestResult executionId="95ee7d8e-1e7a-4821-af36-bc63e7ca5fe9" testId="03ffdfb2-33ec-35fb-2313-a4be8ce3a4c0" testName="TestMethod1" computerName="YAOWEN-PC" testType="13cdc9d9-ddb5-4fa4-a97d-d965ccfc6d4b" outcome="NotExecuted" testListId="8c84fa94-04c1-424b-9868-57a2d4851a1d" relativeResultsDirectory="95ee7d8e-1e7a-4821-af36-bc63e7ca5fe9">
    </UnitTestResult>
  </Results>
</TestRun>